<?xml version="1.0" encoding="UTF-8"?>
<!-- Generated by org.testng.reporters.JUnitXMLReporter -->
<testsuite ignored="0" hostname="DESKTOP-U4UQ2MB" failures="1" tests="1" name="ChromeTest" time="0.086" errors="0" timestamp="2022-11-29T17:04:46 IST">
  <testcase classname="CrossBrowser_Testing.CBTesting01" name="browserTest" time="0.017">
    <failure type="java.lang.NullPointerException">
      <![CDATA[java.lang.NullPointerException
at CrossBrowser_Testing.CBTesting01.browserTest(CBTesting01.java:29)
at java.base/java.util.ArrayList.forEach(ArrayList.java:1541)
... Removed 27 stack frames]]>
    </failure>
  </testcase> <!-- browserTest -->
</testsuite> <!-- ChromeTest -->
