<?xml version="1.0" encoding="UTF-8"?>
<!-- Generated by org.testng.reporters.JUnitXMLReporter -->
<testsuite ignored="4" hostname="DESKTOP-U4UQ2MB" failures="0" tests="5" name="Test" time="0.095" errors="0" timestamp="2022-12-10T23:59:46 IST">
  <testcase classname="TestNG_XML.Grouping2" name="TC5" time="0.011"/>
  <testcase classname="TestNG_XML.Grouping2" name="TC7" time="0.002"/>
  <testcase classname="TestNG_XML.Grouping2" name="TC9" time="0.002"/>
  <testcase classname="TestNG_XML.Grouping1" name="TC1" time="0.003"/>
  <testcase classname="TestNG_XML.Grouping1" name="TC3" time="0.001"/>
  <testcase classname="TestNG_XML.Grouping1" name="TC4" time="0.0">
    <ignored/>
  </testcase> <!-- TC4 -->
  <testcase classname="TestNG_XML.Grouping2" name="TC6" time="0.0">
    <ignored/>
  </testcase> <!-- TC6 -->
  <testcase classname="TestNG_XML.Grouping2" name="TC8" time="0.0">
    <ignored/>
  </testcase> <!-- TC8 -->
  <testcase classname="TestNG_XML.Grouping1" name="TC2" time="0.0">
    <ignored/>
  </testcase> <!-- TC2 -->
</testsuite> <!-- Test -->
